Unity Editor version:    2020.3.30f1 (1fb1bf06830e)
Branch:                  2020.3/staging
Build type:              Release
Batch mode:              YES
macOS version:           Version 12.5 (Build 21G72)
Darwin version:          21.6.0
Architecture:            x86_64
Running under Rosetta:   NO
Available memory:        16384 MB
Using pre-set license
Pro License: NO

COMMAND LINE ARGUMENTS:
/Applications/Unity/Hub/Editor/2020.3.30f1/Unity.app/Contents/MacOS/Unity
-adb2
-batchMode
-noUpm
-name
AssetImportWorker0
-projectPath
/Users/admin/LightshipVps
-logFile
Logs/AssetImportWorker0.log
-srvPort
53335
Successfully changed project path to: /Users/admin/LightshipVps
/Users/admin/LightshipVps
Using Asset Import Pipeline V2.
Refreshing native plugins compatible for Editor in 65.97 ms, found 3 plugins.
Preloading 0 native plugins for Editor in 0.00 ms.
Initialize engine version: 2020.3.30f1 (1fb1bf06830e)
[Subsystems] Discovering subsystems at path /Applications/Unity/Hub/Editor/2020.3.30f1/Unity.app/Contents/Resources/UnitySubsystems
[Subsystems] Discovering subsystems at path /Users/admin/LightshipVps/Assets
GfxDevice: creating device client; threaded=0
2022-09-16 22:57:02.709 Unity[13231:281412] Color LCD preferred device: Intel(R) UHD Graphics 630 (low power)
2022-09-16 22:57:02.709 Unity[13231:281412] Metal devices available: 2
2022-09-16 22:57:02.709 Unity[13231:281412] 0: AMD Radeon Pro 5300M (high power)
2022-09-16 22:57:02.709 Unity[13231:281412] 1: Intel(R) UHD Graphics 630 (low power)
2022-09-16 22:57:02.709 Unity[13231:281412] Using device AMD Radeon Pro 5300M (high power)
Initializing Metal device caps: AMD Radeon Pro 5300M
Initialize mono
Mono path[0] = '/Applications/Unity/Hub/Editor/2020.3.30f1/Unity.app/Contents/Managed'
Mono path[1] = '/Applications/Unity/Hub/Editor/2020.3.30f1/Unity.app/Contents/MonoBleedingEdge/lib/mono/unityjit'
Mono config path = '/Applications/Unity/Hub/Editor/2020.3.30f1/Unity.app/Contents/MonoBleedingEdge/etc'
Using monoOptions --debugger-agent=transport=dt_socket,embedding=1,server=y,suspend=n,address=127.0.0.1:56231
Begin MonoManager ReloadAssembly
Registering precompiled unity dll's ...
Register platform support module: /Applications/Unity/Hub/Editor/2020.3.30f1/PlaybackEngines/WebGLSupport/UnityEditor.WebGL.Extensions.dll
Register platform support module: /Applications/Unity/Hub/Editor/2020.3.30f1/Unity.app/Contents/PlaybackEngines/MacStandaloneSupport/UnityEditor.OSXStandalone.Extensions.dll
Registered in 0.000420 seconds.
Native extension for OSXStandalone target not found
Native extension for WebGL target not found
Refreshing native plugins compatible for Editor in 57.51 ms, found 3 plugins.
Preloading 0 native plugins for Editor in 0.00 ms.
Mono: successfully reloaded assembly
- Completed reload, in  0.603 seconds
Domain Reload Profiling:
	ReloadAssembly (603ms)
		BeginReloadAssembly (38ms)
			ExecutionOrderSort (0ms)
			DisableScriptedObjects (0ms)
			BackupInstance (0ms)
			ReleaseScriptingObjects (0ms)
			CreateAndSetChildDomain (1ms)
		EndReloadAssembly (497ms)
			LoadAssemblies (37ms)
			RebuildTransferFunctionScriptingTraits (0ms)
			SetupTypeCache (167ms)
			ReleaseScriptCaches (0ms)
			RebuildScriptCaches (41ms)
			SetupLoadedEditorAssemblies (200ms)
				LogAssemblyErrors (0ms)
				InitializePlatformSupportModulesInManaged (5ms)
				SetLoadedEditorAssemblies (0ms)
				RefreshPlugins (58ms)
				BeforeProcessingInitializeOnLoad (26ms)
				ProcessInitializeOnLoadAttributes (86ms)
				ProcessInitializeOnLoadMethodAttributes (25ms)
				AfterProcessingInitializeOnLoad (0ms)
				EditorAssembliesLoaded (0ms)
			ExecutionOrderSort2 (0ms)
			AwakeInstancesAfterBackupRestoration (0ms)
Platform modules already initialized, skipping
Registering precompiled user dll's ...
Registered in 0.001925 seconds.
Begin MonoManager ReloadAssembly
Native extension for OSXStandalone target not found
Native extension for WebGL target not found
Refreshing native plugins compatible for Editor in 59.40 ms, found 3 plugins.
Preloading 0 native plugins for Editor in 0.00 ms.
Fallback handler could not load library /Applications/Unity/Hub/Editor/2020.3.30f1/Unity.app/Contents/Frameworks/Mono/lib/libAssets/ARDK/Plugins/unity_exports/ardk_client_platform/Plugins/MacOS/x86_64/ardk_client_platform.bundle/Contents/MacOS/ardk_client_platform
Fallback handler could not load library /Applications/Unity/Hub/Editor/2020.3.30f1/Unity.app/Contents/Frameworks/Mono/lib/libAssets/ARDK/Plugins/unity_exports/ardk_client_platform/Plugins/MacOS/x86_64/ardk_client_platform.bundle/Contents/MacOS/ardk_client_platform.dylib
Fallback handler could not load library /Applications/Unity/Hub/Editor/2020.3.30f1/Unity.app/Contents/Frameworks/Mono/lib/libAssets/ARDK/Plugins/unity_exports/ardk_client_platform/Plugins/MacOS/x86_64/ardk_client_platform.bundle/Contents/MacOS/ardk_client_platform.so
Fallback handler could not load library /Applications/Unity/Hub/Editor/2020.3.30f1/Unity.app/Contents/Frameworks/Mono/lib/libAssets/ARDK/Plugins/unity_exports/ardk_client_platform/Plugins/MacOS/x86_64/ardk_client_platform.bundle/Contents/MacOS/ardk_client_platform.bundle
Mono: successfully reloaded assembly
- Completed reload, in  1.911 seconds
Domain Reload Profiling:
	ReloadAssembly (1913ms)
		BeginReloadAssembly (141ms)
			ExecutionOrderSort (0ms)
			DisableScriptedObjects (5ms)
			BackupInstance (0ms)
			ReleaseScriptingObjects (0ms)
			CreateAndSetChildDomain (22ms)
		EndReloadAssembly (1713ms)
			LoadAssemblies (78ms)
			RebuildTransferFunctionScriptingTraits (0ms)
			SetupTypeCache (360ms)
			ReleaseScriptCaches (1ms)
			RebuildScriptCaches (60ms)
			SetupLoadedEditorAssemblies (1089ms)
				LogAssemblyErrors (0ms)
				InitializePlatformSupportModulesInManaged (4ms)
				SetLoadedEditorAssemblies (0ms)
				RefreshPlugins (59ms)
				BeforeProcessingInitializeOnLoad (81ms)
				ProcessInitializeOnLoadAttributes (194ms)
				ProcessInitializeOnLoadMethodAttributes (750ms)
				AfterProcessingInitializeOnLoad (1ms)
				EditorAssembliesLoaded (0ms)
			ExecutionOrderSort2 (0ms)
			AwakeInstancesAfterBackupRestoration (9ms)
Platform modules already initialized, skipping
Validating Project structure ... 0.020768 seconds.
Shader import version has changed; will reimport all shaders...
Upgrading shader files ...0.039368 seconds.
Application.AssetDatabase Initial Script Refresh Start
RefreshInfo: InitialScriptRefreshV2(NoUpdateAssetOptions) scanfilter:  ... 1 filters
RefreshProfiler: Total: 0.000ms
Application.AssetDatabase Initial Script Refresh End
Application.AssetDatabase.Refresh Start
Application.AssetDatabase.Refresh End
RefreshInfo: StopAssetImportingV2(ForceSynchronousImport) scanfilter: 
RefreshProfiler: Total: 0.000ms
Launching external process: /Applications/Unity/Hub/Editor/2020.3.30f1/Unity.app/Contents/Tools/UnityShaderCompiler
Launched and connected shader compiler UnityShaderCompiler after 0.01 seconds
Initializing Unity extensions:
2022-09-16 22:57:06.301 Unity[13231:281412] NSEventModifierFlagFunction specified to -setKeyEquivalentModifierMask: for item <NSMenuItem: 0x600001cb4ee0 Font Asset, ke='Command-F12'>, but is only supported for system-provided menu items; will not be used
2022-09-16 22:57:06.305 Unity[13231:281412] NSEventModifierFlagFunction specified to -setKeyEquivalentModifierMask: for item <NSMenuItem: 0x600001c83b10 Font Asset, ke='Command-F12'>, but is only supported for system-provided menu items; will not be used
========================================================================
Worker process is ready to serve import requests
Refreshing native plugins compatible for Editor in 0.71 ms, found 3 plugins.
Preloading 0 native plugins for Editor in 0.00 ms.
Unloading 3593 Unused Serialized files (Serialized files now loaded: 0)
System memory in use before: 286.1 MB.
System memory in use after: 285.8 MB.

Unloading 223 unused Assets to reduce memory usage. Loaded Objects now: 4043.
Total: 4.315209 ms (FindLiveObjects: 0.281738 ms CreateObjectMapping: 0.205002 ms MarkObjects: 3.522504 ms  DeleteObjects: 0.305150 ms)

Unloading 0 Unused Serialized files (Serialized files now loaded: 0)
System memory in use before: 285.5 MB.
System memory in use after: 285.7 MB.

Unloading 0 unused Assets to reduce memory usage. Loaded Objects now: 4043.
Total: 3.288816 ms (FindLiveObjects: 0.182702 ms CreateObjectMapping: 0.150229 ms MarkObjects: 2.947651 ms  DeleteObjects: 0.007443 ms)

AssetImportParameters requested are different than current active one (requested -> active):
  colorSpace: 1 -> 0
  custom:video-decoder-ogg-theora: a1e56fd34408186e4bbccfd4996cb3dc -> 
  custom:container-muxer-webm: aa71ff27fc2769a1b78a27578f13a17b -> 
  custom:container-demuxer-webm: 4f35f7cbe854078d1ac9338744f61a02 -> 
  custom:container-demuxer-ogg: 62fdf1f143b41e24485cea50d1cbac27 -> 
  custom:video-encoder-webm-vp8: eb34c28f22e8b96e1ab97ce403110664 -> 
  custom:framework-osx-AVFoundation: e770b220cccbd017edd2c1fefb359320 -> 
  custom:video-decoder-webm-vp8: 9c59270c3fd7afecdb556c50c9e8de78 -> 
  custom:audio-decoder-ogg-vorbis: bf7c407c2cedff20999df2af8eb42d56 -> 
  custom:audio-encoder-webm-vorbis: bf7c407c2cedff20999df2af8eb42d56 -> 
========================================================================
Received Import Request.
  path: Assets/ARDK/Rendering/SRP/ArdkReplacementRenderer.asset
  artifactKey: Guid(c89fc15b6f5fc4c83b9444bfa325c19a) Importer(815301076,1909f56bfc062723c751e8b465ee728b)
Start importing Assets/ARDK/Rendering/SRP/ArdkReplacementRenderer.asset using Guid(c89fc15b6f5fc4c83b9444bfa325c19a) Importer(815301076,1909f56bfc062723c751e8b465ee728b)  -> (artifact id: '56182ed0bf6e9c35d17f2269d00321a4') in 0.750327 seconds 
========================================================================
Received Import Request.
  Time since last request: 0.000398 seconds.
  path: Assets/ARDK/Rendering/SRP/ArdkUrpAsset.asset
  artifactKey: Guid(a857f2a9d2f014d2b84f097d70eefa14) Importer(815301076,1909f56bfc062723c751e8b465ee728b)
Start importing Assets/ARDK/Rendering/SRP/ArdkUrpAsset.asset using Guid(a857f2a9d2f014d2b84f097d70eefa14) Importer(815301076,1909f56bfc062723c751e8b465ee728b)  -> (artifact id: '4e70dd81df5db176757fb91ab45a34a4') in 0.003786 seconds 
========================================================================
Received Import Request.
  Time since last request: 0.000300 seconds.
  path: Assets/ARDK/Rendering/SRP/ArdkUrpAssetRenderer.asset
  artifactKey: Guid(7d3be5c514c9a4ac7af188b9969f47de) Importer(815301076,1909f56bfc062723c751e8b465ee728b)
Start importing Assets/ARDK/Rendering/SRP/ArdkUrpAssetRenderer.asset using Guid(7d3be5c514c9a4ac7af188b9969f47de) Importer(815301076,1909f56bfc062723c751e8b465ee728b)  -> (artifact id: 'bc430eab69c384f8655e565f5bce4a97') in 0.006312 seconds 
========================================================================
Received Import Request.
  Time since last request: 0.000277 seconds.
  path: Assets/ARDK/Editor/ARDK-Editor.asmdef
  artifactKey: Guid(cb3367e27d5c740089bcadc6ab9be726) Importer(815301076,1909f56bfc062723c751e8b465ee728b)
Start importing Assets/ARDK/Editor/ARDK-Editor.asmdef using Guid(cb3367e27d5c740089bcadc6ab9be726) Importer(815301076,1909f56bfc062723c751e8b465ee728b)  -> (artifact id: '38a22231f267e2411f8d61549bdbf232') in 0.098220 seconds 
========================================================================
Received Import Request.
  Time since last request: 0.000236 seconds.
  path: Assets/ARDK/Extensions/Gameboard/GameboardMeshChunk.prefab
  artifactKey: Guid(d0183eaba3a4c44e9aafc695278e1e9d) Importer(815301076,1909f56bfc062723c751e8b465ee728b)
Start importing Assets/ARDK/Extensions/Gameboard/GameboardMeshChunk.prefab using Guid(d0183eaba3a4c44e9aafc695278e1e9d) Importer(815301076,1909f56bfc062723c751e8b465ee728b)  -> (artifact id: '387fca67b1d99fc019409d4ce3c71212') in 0.117254 seconds 
========================================================================
Received Import Request.
  Time since last request: 0.000694 seconds.
  path: Assets/360 Images/Oasis of the Seas - The Boardwalk in 360ยบ.mp4
  artifactKey: Guid(003e8657395564e8090c9987a4d3489e) Importer(815301076,1909f56bfc062723c751e8b465ee728b)
Start importing Assets/360 Images/Oasis of the Seas - The Boardwalk in 360ยบ.mp4 using Guid(003e8657395564e8090c9987a4d3489e) Importer(815301076,1909f56bfc062723c751e8b465ee728b)  -> (artifact id: 'b71b2672a49f46f4663a0662caf3bb30') in 0.755012 seconds 
========================================================================
Received Import Request.
  Time since last request: 37.688532 seconds.
  path: Assets/Scenes/SampleScene.unity
  artifactKey: Guid(9fc0d4010bbf28b4594072e72b8655ab) Importer(815301076,1909f56bfc062723c751e8b465ee728b)
Start importing Assets/Scenes/SampleScene.unity using Guid(9fc0d4010bbf28b4594072e72b8655ab) Importer(815301076,1909f56bfc062723c751e8b465ee728b)  -> (artifact id: '80b415785c5f7928bf8cac033d3fd43a') in 0.001626 seconds 
========================================================================
Received Import Request.
  Time since last request: 22.024524 seconds.
  path: Assets/ARDK/VpsCoverage/GeoserviceMessages
  artifactKey: Guid(2c6d3aea12184cbb913f8b496769bb14) Importer(815301076,1909f56bfc062723c751e8b465ee728b)
Start importing Assets/ARDK/VpsCoverage/GeoserviceMessages using Guid(2c6d3aea12184cbb913f8b496769bb14) Importer(815301076,1909f56bfc062723c751e8b465ee728b)  -> (artifact id: '34796b7e21461c9c6f07e60467c117a2') in 0.001706 seconds 
========================================================================
Received Import Request.
  Time since last request: 94.321766 seconds.
  path: Assets/LightshipHUB/Samples/VPS/WayspotAnchors.unity
  artifactKey: Guid(7f59a72c54d7846b099709832cfd7170) Importer(815301076,1909f56bfc062723c751e8b465ee728b)
Start importing Assets/LightshipHUB/Samples/VPS/WayspotAnchors.unity using Guid(7f59a72c54d7846b099709832cfd7170) Importer(815301076,1909f56bfc062723c751e8b465ee728b)  -> (artifact id: '801e31e8825fef1fab0319beef5d00f1') in 0.003192 seconds 
========================================================================
Received Import Request.
  Time since last request: 3.326256 seconds.
  path: Assets/LightshipHUB/Samples/VPS/VpsCoverageList.unity
  artifactKey: Guid(721787c6a652248c29ebc1d843237ffe) Importer(815301076,1909f56bfc062723c751e8b465ee728b)
Start importing Assets/LightshipHUB/Samples/VPS/VpsCoverageList.unity using Guid(721787c6a652248c29ebc1d843237ffe) Importer(815301076,1909f56bfc062723c751e8b465ee728b)  -> (artifact id: 'ce6482455ec725cd33dfa2dc1dbf8c09') in 0.002112 seconds 
========================================================================
Received Import Request.
  Time since last request: 14.508367 seconds.
  path: Assets/LightshipHUB/Samples/VPS/VpsCoverage.unity
  artifactKey: Guid(d1bd71a4c22ac4b2a83ceba42d1147c1) Importer(815301076,1909f56bfc062723c751e8b465ee728b)
Start importing Assets/LightshipHUB/Samples/VPS/VpsCoverage.unity using Guid(d1bd71a4c22ac4b2a83ceba42d1147c1) Importer(815301076,1909f56bfc062723c751e8b465ee728b)  -> (artifact id: '45fd0c67da1f900238f9ff3d2f6db4b5') in 0.001889 seconds 
========================================================================
Received Prepare
Registering precompiled user dll's ...
Registered in 0.002352 seconds.
Begin MonoManager ReloadAssembly
[23:00:26.065650 +05:30] [---I---] [actor.cpp] [thread 281488] Actor already shutdown.
[23:00:26.065772 +05:30] [---I---] [actor.cpp] [thread 281488] Actor already shutdown.
Native extension for OSXStandalone target not found
Native extension for WebGL target not found
Refreshing native plugins compatible for Editor in 0.92 ms, found 3 plugins.
Preloading 0 native plugins for Editor in 0.00 ms.
2022-09-16 23:00:27.105 Unity[13231:281412] NSEventModifierFlagFunction specified to -setKeyEquivalentModifierMask: for item <NSMenuItem: 0x600001cb40e0 Font Asset, ke='Command-F12'>, but is only supported for system-provided menu items; will not be used
#Niantic.ARDK.Internals.StartupSystems#: Could not load an ArdkAuthConfig, please add one in a Resources/ARDK/ directory. For more information, visit the niantic.dev/docs/authentication.html site.
UnityEngine.StackTraceUtility:ExtractStackTrace () (at /Users/bokken/buildslave/unity/build/Runtime/Export/Scripting/StackTrace.cs:37)
UnityEngine.DebugLogHandler:LogFormat (UnityEngine.LogType,UnityEngine.Object,string,object[])
UnityEngine.Logger:Log (UnityEngine.LogType,object)
UnityEngine.Debug:LogError (object)
Niantic.ARDK.Utilities.Logging.UnityARLogHandler:Error (string) (at Assets/ARDK/Utilities/Logging/LogHandler/UnityARLogHandler.cs:41)
Niantic.ARDK.Utilities.Logging.ARLog:_Error (string) (at Assets/ARDK/Utilities/Logging/ARLog.cs:198)
Niantic.ARDK.Internals.StartupSystems:SetAuthenticationParameters () (at Assets/ARDK/Internals/StartupSystems.cs:124)
Niantic.ARDK.Internals.StartupSystems:ManualStartup () (at Assets/ARDK/Internals/StartupSystems.cs:90)
Niantic.ARDK.Internals.StartupSystems:EditorStartup () (at Assets/ARDK/Internals/StartupSystems.cs:48)
System.Reflection.MonoMethod:Invoke (object,System.Reflection.BindingFlags,System.Reflection.Binder,object[],System.Globalization.CultureInfo)
System.Reflection.MethodBase:Invoke (object,object[])
UnityEditor.EditorAssemblies:ProcessInitializeOnLoadMethodAttributes () (at /Users/bokken/buildslave/unity/build/Editor/Mono/EditorAssemblies.cs:154)

(Filename: Assets/ARDK/Utilities/Logging/LogHandler/UnityARLogHandler.cs Line: 41)

#Niantic.ARDK.Internals.StartupSystems#: No API Key was found. Add it to an ArdkAuthConfig asset. For more information, visit the niantic.dev/docs/authentication.html site.
UnityEngine.StackTraceUtility:ExtractStackTrace () (at /Users/bokken/buildslave/unity/build/Runtime/Export/Scripting/StackTrace.cs:37)
UnityEngine.DebugLogHandler:LogFormat (UnityEngine.LogType,UnityEngine.Object,string,object[])
UnityEngine.Logger:Log (UnityEngine.LogType,object)
UnityEngine.Debug:LogError (object)
Niantic.ARDK.Utilities.Logging.UnityARLogHandler:Error (string) (at Assets/ARDK/Utilities/Logging/LogHandler/UnityARLogHandler.cs:41)
Niantic.ARDK.Utilities.Logging.ARLog:_Error (string) (at Assets/ARDK/Utilities/Logging/ARLog.cs:198)
Niantic.ARDK.Internals.StartupSystems:SetAuthenticationParameters () (at Assets/ARDK/Internals/StartupSystems.cs:155)
Niantic.ARDK.Internals.StartupSystems:ManualStartup () (at Assets/ARDK/Internals/StartupSystems.cs:90)
Niantic.ARDK.Internals.StartupSystems:EditorStartup () (at Assets/ARDK/Internals/StartupSystems.cs:48)
System.Reflection.MonoMethod:Invoke (object,System.Reflection.BindingFlags,System.Reflection.Binder,object[],System.Globalization.CultureInfo)
System.Reflection.MethodBase:Invoke (object,object[])
UnityEditor.EditorAssemblies:ProcessInitializeOnLoadMethodAttributes () (at /Users/bokken/buildslave/unity/build/Editor/Mono/EditorAssemblies.cs:154)

(Filename: Assets/ARDK/Utilities/Logging/LogHandler/UnityARLogHandler.cs Line: 41)

ArdkUrpAssetRenderer is missing RendererFeatures
This could be due to missing scripts or compile error.
UnityEngine.StackTraceUtility:ExtractStackTrace () (at /Users/bokken/buildslave/unity/build/Runtime/Export/Scripting/StackTrace.cs:37)
UnityEngine.DebugLogHandler:LogFormat (UnityEngine.LogType,UnityEngine.Object,string,object[])
UnityEngine.Logger:Log (UnityEngine.LogType,object,UnityEngine.Object)
UnityEngine.Debug:LogError (object,UnityEngine.Object)
UnityEngine.Rendering.Universal.ScriptableRendererData:ValidateRendererFeatures () (at Library/PackageCache/com.unity.render-pipelines.universal@10.8.1/Runtime/ScriptableRendererData.cs:135)
UnityEngine.Rendering.Universal.ScriptableRendererData:OnValidate () (at Library/PackageCache/com.unity.render-pipelines.universal@10.8.1/Runtime/ScriptableRendererData.cs:59)

(Filename: Library/PackageCache/com.unity.render-pipelines.universal@10.8.1/Runtime/ScriptableRendererData.cs Line: 135)

Mono: successfully reloaded assembly
- Completed reload, in  1.513 seconds
Domain Reload Profiling:
	ReloadAssembly (1513ms)
		BeginReloadAssembly (123ms)
			ExecutionOrderSort (0ms)
			DisableScriptedObjects (5ms)
			BackupInstance (0ms)
			ReleaseScriptingObjects (0ms)
			CreateAndSetChildDomain (59ms)
		EndReloadAssembly (1329ms)
			LoadAssemblies (78ms)
			RebuildTransferFunctionScriptingTraits (0ms)
			SetupTypeCache (415ms)
			ReleaseScriptCaches (1ms)
			RebuildScriptCaches (69ms)
			SetupLoadedEditorAssemblies (517ms)
				LogAssemblyErrors (0ms)
				InitializePlatformSupportModulesInManaged (5ms)
				SetLoadedEditorAssemblies (1ms)
				RefreshPlugins (1ms)
				BeforeProcessingInitializeOnLoad (180ms)
				ProcessInitializeOnLoadAttributes (268ms)
				ProcessInitializeOnLoadMethodAttributes (61ms)
				AfterProcessingInitializeOnLoad (1ms)
				EditorAssembliesLoaded (0ms)
			ExecutionOrderSort2 (0ms)
			AwakeInstancesAfterBackupRestoration (23ms)
Platform modules already initialized, skipping
ArdkUrpAssetRenderer is missing RendererFeatures
This could be due to missing scripts or compile error.
UnityEngine.StackTraceUtility:ExtractStackTrace () (at /Users/bokken/buildslave/unity/build/Runtime/Export/Scripting/StackTrace.cs:37)
UnityEngine.DebugLogHandler:LogFormat (UnityEngine.LogType,UnityEngine.Object,string,object[])
UnityEngine.Logger:Log (UnityEngine.LogType,object,UnityEngine.Object)
UnityEngine.Debug:LogError (object,UnityEngine.Object)
UnityEngine.Rendering.Universal.ScriptableRendererData:ValidateRendererFeatures () (at Library/PackageCache/com.unity.render-pipelines.universal@10.8.1/Runtime/ScriptableRendererData.cs:135)
UnityEngine.Rendering.Universal.ScriptableRendererData:OnValidate () (at Library/PackageCache/com.unity.render-pipelines.universal@10.8.1/Runtime/ScriptableRendererData.cs:59)

(Filename: Library/PackageCache/com.unity.render-pipelines.universal@10.8.1/Runtime/ScriptableRendererData.cs Line: 135)

Switching build target platform(2) subTarget(0) extendedPlatform(0) -> platform(9) subTarget(16777218) extendedPlatform(0)
Refreshing native plugins compatible for Editor in 1.04 ms, found 3 plugins.
Preloading 0 native plugins for Editor in 0.00 ms.
Unloading 3438 Unused Serialized files (Serialized files now loaded: 0)
System memory in use before: 292.1 MB.
System memory in use after: 291.0 MB.

Unloading 62 unused Assets to reduce memory usage. Loaded Objects now: 4039.
Total: 6.072277 ms (FindLiveObjects: 0.330544 ms CreateObjectMapping: 0.228885 ms MarkObjects: 4.637392 ms  DeleteObjects: 0.873551 ms)

Unloading 0 Unused Serialized files (Serialized files now loaded: 0)
System memory in use before: 290.6 MB.
System memory in use after: 290.8 MB.

Unloading 0 unused Assets to reduce memory usage. Loaded Objects now: 4039.
Total: 5.057176 ms (FindLiveObjects: 0.384870 ms CreateObjectMapping: 0.241104 ms MarkObjects: 4.416794 ms  DeleteObjects: 0.013248 ms)

AssetImportParameters requested are different than current active one (requested -> active):
  custom:video-decoder-ogg-theora: a1e56fd34408186e4bbccfd4996cb3dc -> 
  custom:container-muxer-webm: aa71ff27fc2769a1b78a27578f13a17b -> 
  custom:container-demuxer-webm: 4f35f7cbe854078d1ac9338744f61a02 -> 
  custom:container-demuxer-ogg: 62fdf1f143b41e24485cea50d1cbac27 -> 
  custom:video-encoder-webm-vp8: eb34c28f22e8b96e1ab97ce403110664 -> 
  custom:framework-osx-AVFoundation: e770b220cccbd017edd2c1fefb359320 -> 
  custom:video-decoder-webm-vp8: 9c59270c3fd7afecdb556c50c9e8de78 -> 
  custom:graphics/normal-map-encoding: 01000000000000000000000000000000 -> 02000000000000000000000000000000
  custom:audio-decoder-ogg-vorbis: bf7c407c2cedff20999df2af8eb42d56 -> 
  custom:audio-encoder-webm-vorbis: bf7c407c2cedff20999df2af8eb42d56 -> 
========================================================================
Received Import Request.
  Time since last request: 250.849006 seconds.
  path: Assets/LightshipHUBMockEnviroments/ExteriorScene.prefab
  artifactKey: Guid(6fb6005636b7a4b909e017cc98a36de6) Importer(815301076,1909f56bfc062723c751e8b465ee728b)
Start importing Assets/LightshipHUBMockEnviroments/ExteriorScene.prefab using Guid(6fb6005636b7a4b909e017cc98a36de6) Importer(815301076,1909f56bfc062723c751e8b465ee728b)  -> (artifact id: '38106395915302a1a17169229a12e859') in 5.249388 seconds 
========================================================================
Received Import Request.
  Time since last request: 0.000344 seconds.
  path: Assets/LightshipHUBMockEnviroments/InteriorScene.prefab
  artifactKey: Guid(34a615f6deb2c472f9fd0f679c0f1e28) Importer(815301076,1909f56bfc062723c751e8b465ee728b)
Start importing Assets/LightshipHUBMockEnviroments/InteriorScene.prefab using Guid(34a615f6deb2c472f9fd0f679c0f1e28) Importer(815301076,1909f56bfc062723c751e8b465ee728b)  -> (artifact id: '6faf131b85a490b5b6a2da5f80d5bb99') in 1.522795 seconds 
========================================================================
Received Import Request.
  Time since last request: 0.000368 seconds.
  path: Assets/LightshipHUBMockEnviroments/MeshInteriorScene.prefab
  artifactKey: Guid(1d0f10c1c85db4bab9eeacfb8b3cc9ec) Importer(815301076,1909f56bfc062723c751e8b465ee728b)
Start importing Assets/LightshipHUBMockEnviroments/MeshInteriorScene.prefab using Guid(1d0f10c1c85db4bab9eeacfb8b3cc9ec) Importer(815301076,1909f56bfc062723c751e8b465ee728b)  -> (artifact id: '922106a17bb6435ffb14cbde42716ad3') in 1.468010 seconds 
========================================================================
Received Prepare
Registering precompiled user dll's ...
Registered in 0.006258 seconds.
Begin MonoManager ReloadAssembly
[23:34:55.510218 +05:30] [---I---] [actor.cpp] [thread 281488] Actor already shutdown.
[23:34:55.510260 +05:30] [---I---] [actor.cpp] [thread 281488] Actor already shutdown.
Native extension for OSXStandalone target not found
Native extension for WebGL target not found
Refreshing native plugins compatible for Editor in 0.94 ms, found 3 plugins.
Preloading 0 native plugins for Editor in 0.00 ms.
2022-09-16 23:34:56.492 Unity[13231:281412] NSEventModifierFlagFunction specified to -setKeyEquivalentModifierMask: for item <NSMenuItem: 0x600001ccf640 Font Asset, ke='Command-F12'>, but is only supported for system-provided menu items; will not be used
#Niantic.ARDK.Internals.StartupSystems#: Could not load an ArdkAuthConfig, please add one in a Resources/ARDK/ directory. For more information, visit the niantic.dev/docs/authentication.html site.
UnityEngine.StackTraceUtility:ExtractStackTrace () (at /Users/bokken/buildslave/unity/build/Runtime/Export/Scripting/StackTrace.cs:37)
UnityEngine.DebugLogHandler:LogFormat (UnityEngine.LogType,UnityEngine.Object,string,object[])
UnityEngine.Logger:Log (UnityEngine.LogType,object)
UnityEngine.Debug:LogError (object)
Niantic.ARDK.Utilities.Logging.UnityARLogHandler:Error (string) (at Assets/ARDK/Utilities/Logging/LogHandler/UnityARLogHandler.cs:41)
Niantic.ARDK.Utilities.Logging.ARLog:_Error (string) (at Assets/ARDK/Utilities/Logging/ARLog.cs:198)
Niantic.ARDK.Internals.StartupSystems:SetAuthenticationParameters () (at Assets/ARDK/Internals/StartupSystems.cs:124)
Niantic.ARDK.Internals.StartupSystems:ManualStartup () (at Assets/ARDK/Internals/StartupSystems.cs:90)
Niantic.ARDK.Internals.StartupSystems:EditorStartup () (at Assets/ARDK/Internals/StartupSystems.cs:48)
System.Reflection.MonoMethod:Invoke (object,System.Reflection.BindingFlags,System.Reflection.Binder,object[],System.Globalization.CultureInfo)
System.Reflection.MethodBase:Invoke (object,object[])
UnityEditor.EditorAssemblies:ProcessInitializeOnLoadMethodAttributes () (at /Users/bokken/buildslave/unity/build/Editor/Mono/EditorAssemblies.cs:154)

(Filename: Assets/ARDK/Utilities/Logging/LogHandler/UnityARLogHandler.cs Line: 41)

#Niantic.ARDK.Internals.StartupSystems#: No API Key was found. Add it to an ArdkAuthConfig asset. For more information, visit the niantic.dev/docs/authentication.html site.
UnityEngine.StackTraceUtility:ExtractStackTrace () (at /Users/bokken/buildslave/unity/build/Runtime/Export/Scripting/StackTrace.cs:37)
UnityEngine.DebugLogHandler:LogFormat (UnityEngine.LogType,UnityEngine.Object,string,object[])
UnityEngine.Logger:Log (UnityEngine.LogType,object)
UnityEngine.Debug:LogError (object)
Niantic.ARDK.Utilities.Logging.UnityARLogHandler:Error (string) (at Assets/ARDK/Utilities/Logging/LogHandler/UnityARLogHandler.cs:41)
Niantic.ARDK.Utilities.Logging.ARLog:_Error (string) (at Assets/ARDK/Utilities/Logging/ARLog.cs:198)
Niantic.ARDK.Internals.StartupSystems:SetAuthenticationParameters () (at Assets/ARDK/Internals/StartupSystems.cs:155)
Niantic.ARDK.Internals.StartupSystems:ManualStartup () (at Assets/ARDK/Internals/StartupSystems.cs:90)
Niantic.ARDK.Internals.StartupSystems:EditorStartup () (at Assets/ARDK/Internals/StartupSystems.cs:48)
System.Reflection.MonoMethod:Invoke (object,System.Reflection.BindingFlags,System.Reflection.Binder,object[],System.Globalization.CultureInfo)
System.Reflection.MethodBase:Invoke (object,object[])
UnityEditor.EditorAssemblies:ProcessInitializeOnLoadMethodAttributes () (at /Users/bokken/buildslave/unity/build/Editor/Mono/EditorAssemblies.cs:154)

(Filename: Assets/ARDK/Utilities/Logging/LogHandler/UnityARLogHandler.cs Line: 41)

ArdkUrpAssetRenderer is missing RendererFeatures
This could be due to missing scripts or compile error.
UnityEngine.StackTraceUtility:ExtractStackTrace () (at /Users/bokken/buildslave/unity/build/Runtime/Export/Scripting/StackTrace.cs:37)
UnityEngine.DebugLogHandler:LogFormat (UnityEngine.LogType,UnityEngine.Object,string,object[])
UnityEngine.Logger:Log (UnityEngine.LogType,object,UnityEngine.Object)
UnityEngine.Debug:LogError (object,UnityEngine.Object)
UnityEngine.Rendering.Universal.ScriptableRendererData:ValidateRendererFeatures () (at Library/PackageCache/com.unity.render-pipelines.universal@10.8.1/Runtime/ScriptableRendererData.cs:135)
UnityEngine.Rendering.Universal.ScriptableRendererData:OnValidate () (at Library/PackageCache/com.unity.render-pipelines.universal@10.8.1/Runtime/ScriptableRendererData.cs:59)

(Filename: Library/PackageCache/com.unity.render-pipelines.universal@10.8.1/Runtime/ScriptableRendererData.cs Line: 135)

ArdkUrpAssetRenderer is missing RendererFeatures
This could be due to missing scripts or compile error.
UnityEngine.StackTraceUtility:ExtractStackTrace () (at /Users/bokken/buildslave/unity/build/Runtime/Export/Scripting/StackTrace.cs:37)
UnityEngine.DebugLogHandler:LogFormat (UnityEngine.LogType,UnityEngine.Object,string,object[])
UnityEngine.Logger:Log (UnityEngine.LogType,object,UnityEngine.Object)
UnityEngine.Debug:LogError (object,UnityEngine.Object)
UnityEngine.Rendering.Universal.ScriptableRendererData:ValidateRendererFeatures () (at Library/PackageCache/com.unity.render-pipelines.universal@10.8.1/Runtime/ScriptableRendererData.cs:135)
UnityEngine.Rendering.Universal.ScriptableRendererData:OnValidate () (at Library/PackageCache/com.unity.render-pipelines.universal@10.8.1/Runtime/ScriptableRendererData.cs:59)

(Filename: Library/PackageCache/com.unity.render-pipelines.universal@10.8.1/Runtime/ScriptableRendererData.cs Line: 135)

Mono: successfully reloaded assembly
- Completed reload, in  1.353 seconds
Domain Reload Profiling:
	ReloadAssembly (1353ms)
		BeginReloadAssembly (168ms)
			ExecutionOrderSort (0ms)
			DisableScriptedObjects (6ms)
			BackupInstance (0ms)
			ReleaseScriptingObjects (0ms)
			CreateAndSetChildDomain (63ms)
		EndReloadAssembly (1106ms)
			LoadAssemblies (122ms)
			RebuildTransferFunctionScriptingTraits (0ms)
			SetupTypeCache (378ms)
			ReleaseScriptCaches (2ms)
			RebuildScriptCaches (51ms)
			SetupLoadedEditorAssemblies (366ms)
				LogAssemblyErrors (0ms)
				InitializePlatformSupportModulesInManaged (4ms)
				SetLoadedEditorAssemblies (1ms)
				RefreshPlugins (1ms)
				BeforeProcessingInitializeOnLoad (127ms)
				ProcessInitializeOnLoadAttributes (189ms)
				ProcessInitializeOnLoadMethodAttributes (44ms)
				AfterProcessingInitializeOnLoad (1ms)
				EditorAssembliesLoaded (0ms)
			ExecutionOrderSort2 (0ms)
			AwakeInstancesAfterBackupRestoration (33ms)
Platform modules already initialized, skipping
Refreshing native plugins compatible for Editor in 0.77 ms, found 3 plugins.
Preloading 0 native plugins for Editor in 0.00 ms.
Unloading 3432 Unused Serialized files (Serialized files now loaded: 0)
System memory in use before: 295.0 MB.
System memory in use after: 295.2 MB.

Unloading 88 unused Assets to reduce memory usage. Loaded Objects now: 4048.
Total: 3.772820 ms (FindLiveObjects: 0.273660 ms CreateObjectMapping: 0.124577 ms MarkObjects: 3.030749 ms  DeleteObjects: 0.343200 ms)

Unloading 0 Unused Serialized files (Serialized files now loaded: 0)
System memory in use before: 294.8 MB.
System memory in use after: 295.0 MB.

Unloading 0 unused Assets to reduce memory usage. Loaded Objects now: 4048.
Total: 3.367166 ms (FindLiveObjects: 0.266573 ms CreateObjectMapping: 0.156264 ms MarkObjects: 2.931449 ms  DeleteObjects: 0.012105 ms)

AssetImportParameters requested are different than current active one (requested -> active):
  custom:video-decoder-ogg-theora: a1e56fd34408186e4bbccfd4996cb3dc -> 
  custom:container-muxer-webm: aa71ff27fc2769a1b78a27578f13a17b -> 
  custom:container-demuxer-webm: 4f35f7cbe854078d1ac9338744f61a02 -> 
  custom:container-demuxer-ogg: 62fdf1f143b41e24485cea50d1cbac27 -> 
  custom:video-encoder-webm-vp8: eb34c28f22e8b96e1ab97ce403110664 -> 
  custom:framework-osx-AVFoundation: e770b220cccbd017edd2c1fefb359320 -> 
  custom:video-decoder-webm-vp8: 9c59270c3fd7afecdb556c50c9e8de78 -> 
  custom:audio-decoder-ogg-vorbis: bf7c407c2cedff20999df2af8eb42d56 -> 
  custom:audio-encoder-webm-vorbis: bf7c407c2cedff20999df2af8eb42d56 -> 
========================================================================
Received Prepare
Refreshing native plugins compatible for Editor in 4.15 ms, found 3 plugins.
Preloading 0 native plugins for Editor in 0.00 ms.
Unloading 42 Unused Serialized files (Serialized files now loaded: 0)
System memory in use before: 227.6 MB.
System memory in use after: 227.7 MB.

Unloading 42 unused Assets to reduce memory usage. Loaded Objects now: 4048.
Total: 3.618112 ms (FindLiveObjects: 0.240201 ms CreateObjectMapping: 0.153451 ms MarkObjects: 3.147538 ms  DeleteObjects: 0.076218 ms)

AssetImportParameters requested are different than current active one (requested -> active):
  custom:video-decoder-ogg-theora: a1e56fd34408186e4bbccfd4996cb3dc -> 
  custom:container-muxer-webm: aa71ff27fc2769a1b78a27578f13a17b -> 
  custom:container-demuxer-webm: 4f35f7cbe854078d1ac9338744f61a02 -> 
  custom:container-demuxer-ogg: 62fdf1f143b41e24485cea50d1cbac27 -> 
  custom:video-encoder-webm-vp8: eb34c28f22e8b96e1ab97ce403110664 -> 
  custom:framework-osx-AVFoundation: e770b220cccbd017edd2c1fefb359320 -> 
  custom:video-decoder-webm-vp8: 9c59270c3fd7afecdb556c50c9e8de78 -> 
  custom:audio-decoder-ogg-vorbis: bf7c407c2cedff20999df2af8eb42d56 -> 
  custom:audio-encoder-webm-vorbis: bf7c407c2cedff20999df2af8eb42d56 -> 
========================================================================
Received Prepare
Registering precompiled user dll's ...
Registered in 0.002528 seconds.
Begin MonoManager ReloadAssembly
[23:35:12.841591 +05:30] [---I---] [actor.cpp] [thread 281488] Actor already shutdown.
[23:35:12.841688 +05:30] [---I---] [actor.cpp] [thread 281488] Actor already shutdown.
Native extension for OSXStandalone target not found
Native extension for WebGL target not found
Refreshing native plugins compatible for Editor in 0.90 ms, found 3 plugins.
Preloading 0 native plugins for Editor in 0.00 ms.
2022-09-16 23:35:13.843 Unity[13231:281412] NSEventModifierFlagFunction specified to -setKeyEquivalentModifierMask: for item <NSMenuItem: 0x600001ce0d90 Font Asset, ke='Command-F12'>, but is only supported for system-provided menu items; will not be used
#Niantic.ARDK.Internals.StartupSystems#: Could not load an ArdkAuthConfig, please add one in a Resources/ARDK/ directory. For more information, visit the niantic.dev/docs/authentication.html site.
UnityEngine.StackTraceUtility:ExtractStackTrace () (at /Users/bokken/buildslave/unity/build/Runtime/Export/Scripting/StackTrace.cs:37)
UnityEngine.DebugLogHandler:LogFormat (UnityEngine.LogType,UnityEngine.Object,string,object[])
UnityEngine.Logger:Log (UnityEngine.LogType,object)
UnityEngine.Debug:LogError (object)
Niantic.ARDK.Utilities.Logging.UnityARLogHandler:Error (string) (at Assets/ARDK/Utilities/Logging/LogHandler/UnityARLogHandler.cs:41)
Niantic.ARDK.Utilities.Logging.ARLog:_Error (string) (at Assets/ARDK/Utilities/Logging/ARLog.cs:198)
Niantic.ARDK.Internals.StartupSystems:SetAuthenticationParameters () (at Assets/ARDK/Internals/StartupSystems.cs:124)
Niantic.ARDK.Internals.StartupSystems:ManualStartup () (at Assets/ARDK/Internals/StartupSystems.cs:90)
Niantic.ARDK.Internals.StartupSystems:EditorStartup () (at Assets/ARDK/Internals/StartupSystems.cs:48)
System.Reflection.MonoMethod:Invoke (object,System.Reflection.BindingFlags,System.Reflection.Binder,object[],System.Globalization.CultureInfo)
System.Reflection.MethodBase:Invoke (object,object[])
UnityEditor.EditorAssemblies:ProcessInitializeOnLoadMethodAttributes () (at /Users/bokken/buildslave/unity/build/Editor/Mono/EditorAssemblies.cs:154)

(Filename: Assets/ARDK/Utilities/Logging/LogHandler/UnityARLogHandler.cs Line: 41)

#Niantic.ARDK.Internals.StartupSystems#: No API Key was found. Add it to an ArdkAuthConfig asset. For more information, visit the niantic.dev/docs/authentication.html site.
UnityEngine.StackTraceUtility:ExtractStackTrace () (at /Users/bokken/buildslave/unity/build/Runtime/Export/Scripting/StackTrace.cs:37)
UnityEngine.DebugLogHandler:LogFormat (UnityEngine.LogType,UnityEngine.Object,string,object[])
UnityEngine.Logger:Log (UnityEngine.LogType,object)
UnityEngine.Debug:LogError (object)
Niantic.ARDK.Utilities.Logging.UnityARLogHandler:Error (string) (at Assets/ARDK/Utilities/Logging/LogHandler/UnityARLogHandler.cs:41)
Niantic.ARDK.Utilities.Logging.ARLog:_Error (string) (at Assets/ARDK/Utilities/Logging/ARLog.cs:198)
Niantic.ARDK.Internals.StartupSystems:SetAuthenticationParameters () (at Assets/ARDK/Internals/StartupSystems.cs:155)
Niantic.ARDK.Internals.StartupSystems:ManualStartup () (at Assets/ARDK/Internals/StartupSystems.cs:90)
Niantic.ARDK.Internals.StartupSystems:EditorStartup () (at Assets/ARDK/Internals/StartupSystems.cs:48)
System.Reflection.MonoMethod:Invoke (object,System.Reflection.BindingFlags,System.Reflection.Binder,object[],System.Globalization.CultureInfo)
System.Reflection.MethodBase:Invoke (object,object[])
UnityEditor.EditorAssemblies:ProcessInitializeOnLoadMethodAttributes () (at /Users/bokken/buildslave/unity/build/Editor/Mono/EditorAssemblies.cs:154)

(Filename: Assets/ARDK/Utilities/Logging/LogHandler/UnityARLogHandler.cs Line: 41)

ArdkUrpAssetRenderer is missing RendererFeatures
This could be due to missing scripts or compile error.
UnityEngine.StackTraceUtility:ExtractStackTrace () (at /Users/bokken/buildslave/unity/build/Runtime/Export/Scripting/StackTrace.cs:37)
UnityEngine.DebugLogHandler:LogFormat (UnityEngine.LogType,UnityEngine.Object,string,object[])
UnityEngine.Logger:Log (UnityEngine.LogType,object,UnityEngine.Object)
UnityEngine.Debug:LogError (object,UnityEngine.Object)
UnityEngine.Rendering.Universal.ScriptableRendererData:ValidateRendererFeatures () (at Library/PackageCache/com.unity.render-pipelines.universal@10.8.1/Runtime/ScriptableRendererData.cs:135)
UnityEngine.Rendering.Universal.ScriptableRendererData:OnValidate () (at Library/PackageCache/com.unity.render-pipelines.universal@10.8.1/Runtime/ScriptableRendererData.cs:59)

(Filename: Library/PackageCache/com.unity.render-pipelines.universal@10.8.1/Runtime/ScriptableRendererData.cs Line: 135)

ArdkUrpAssetRenderer is missing RendererFeatures
This could be due to missing scripts or compile error.
UnityEngine.StackTraceUtility:ExtractStackTrace () (at /Users/bokken/buildslave/unity/build/Runtime/Export/Scripting/StackTrace.cs:37)
UnityEngine.DebugLogHandler:LogFormat (UnityEngine.LogType,UnityEngine.Object,string,object[])
UnityEngine.Logger:Log (UnityEngine.LogType,object,UnityEngine.Object)
UnityEngine.Debug:LogError (object,UnityEngine.Object)
UnityEngine.Rendering.Universal.ScriptableRendererData:ValidateRendererFeatures () (at Library/PackageCache/com.unity.render-pipelines.universal@10.8.1/Runtime/ScriptableRendererData.cs:135)
UnityEngine.Rendering.Universal.ScriptableRendererData:OnValidate () (at Library/PackageCache/com.unity.render-pipelines.universal@10.8.1/Runtime/ScriptableRendererData.cs:59)

(Filename: Library/PackageCache/com.unity.render-pipelines.universal@10.8.1/Runtime/ScriptableRendererData.cs Line: 135)

Mono: successfully reloaded assembly
- Completed reload, in  1.453 seconds
Domain Reload Profiling:
	ReloadAssembly (1453ms)
		BeginReloadAssembly (113ms)
			ExecutionOrderSort (0ms)
			DisableScriptedObjects (4ms)
			BackupInstance (0ms)
			ReleaseScriptingObjects (0ms)
			CreateAndSetChildDomain (53ms)
		EndReloadAssembly (1270ms)
			LoadAssemblies (80ms)
			RebuildTransferFunctionScriptingTraits (0ms)
			SetupTypeCache (368ms)
			ReleaseScriptCaches (1ms)
			RebuildScriptCaches (69ms)
			SetupLoadedEditorAssemblies (506ms)
				LogAssemblyErrors (0ms)
				InitializePlatformSupportModulesInManaged (5ms)
				SetLoadedEditorAssemblies (1ms)
				RefreshPlugins (1ms)
				BeforeProcessingInitializeOnLoad (179ms)
				ProcessInitializeOnLoadAttributes (269ms)
				ProcessInitializeOnLoadMethodAttributes (50ms)
				AfterProcessingInitializeOnLoad (1ms)
				EditorAssembliesLoaded (0ms)
			ExecutionOrderSort2 (0ms)
			AwakeInstancesAfterBackupRestoration (29ms)
Platform modules already initialized, skipping
Refreshing native plugins compatible for Editor in 1.38 ms, found 3 plugins.
Preloading 0 native plugins for Editor in 0.00 ms.
Unloading 3432 Unused Serialized files (Serialized files now loaded: 0)
System memory in use before: 294.1 MB.
System memory in use after: 294.3 MB.

Unloading 52 unused Assets to reduce memory usage. Loaded Objects now: 4048.
Total: 4.456439 ms (FindLiveObjects: 0.370455 ms CreateObjectMapping: 0.279869 ms MarkObjects: 3.710387 ms  DeleteObjects: 0.094855 ms)

Unloading 0 Unused Serialized files (Serialized files now loaded: 0)
System memory in use before: 294.0 MB.
System memory in use after: 294.2 MB.

Unloading 0 unused Assets to reduce memory usage. Loaded Objects now: 4048.
Total: 3.605950 ms (FindLiveObjects: 0.183772 ms CreateObjectMapping: 0.141110 ms MarkObjects: 3.271595 ms  DeleteObjects: 0.008648 ms)

AssetImportParameters requested are different than current active one (requested -> active):
  custom:video-decoder-ogg-theora: a1e56fd34408186e4bbccfd4996cb3dc -> 
  custom:container-muxer-webm: aa71ff27fc2769a1b78a27578f13a17b -> 
  custom:container-demuxer-webm: 4f35f7cbe854078d1ac9338744f61a02 -> 
  custom:container-demuxer-ogg: 62fdf1f143b41e24485cea50d1cbac27 -> 
  custom:video-encoder-webm-vp8: eb34c28f22e8b96e1ab97ce403110664 -> 
  custom:framework-osx-AVFoundation: e770b220cccbd017edd2c1fefb359320 -> 
  custom:video-decoder-webm-vp8: 9c59270c3fd7afecdb556c50c9e8de78 -> 
  custom:audio-decoder-ogg-vorbis: bf7c407c2cedff20999df2af8eb42d56 -> 
  custom:audio-encoder-webm-vorbis: bf7c407c2cedff20999df2af8eb42d56 -> 
========================================================================
Received Prepare
Registering precompiled user dll's ...
Registered in 0.002546 seconds.
Begin MonoManager ReloadAssembly
[23:38:19.181805 +05:30] [---I---] [actor.cpp] [thread 281488] Actor already shutdown.
[23:38:19.181847 +05:30] [---I---] [actor.cpp] [thread 281488] Actor already shutdown.
Native extension for OSXStandalone target not found
Native extension for WebGL target not found
Refreshing native plugins compatible for Editor in 0.74 ms, found 3 plugins.
Preloading 0 native plugins for Editor in 0.00 ms.
2022-09-16 23:38:20.112 Unity[13231:281412] NSEventModifierFlagFunction specified to -setKeyEquivalentModifierMask: for item <NSMenuItem: 0x600001cd3870 Font Asset, ke='Command-F12'>, but is only supported for system-provided menu items; will not be used
#Niantic.ARDK.Internals.StartupSystems#: Could not load an ArdkAuthConfig, please add one in a Resources/ARDK/ directory. For more information, visit the niantic.dev/docs/authentication.html site.
UnityEngine.StackTraceUtility:ExtractStackTrace () (at /Users/bokken/buildslave/unity/build/Runtime/Export/Scripting/StackTrace.cs:37)
UnityEngine.DebugLogHandler:LogFormat (UnityEngine.LogType,UnityEngine.Object,string,object[])
UnityEngine.Logger:Log (UnityEngine.LogType,object)
UnityEngine.Debug:LogError (object)
Niantic.ARDK.Utilities.Logging.UnityARLogHandler:Error (string) (at Assets/ARDK/Utilities/Logging/LogHandler/UnityARLogHandler.cs:41)
Niantic.ARDK.Utilities.Logging.ARLog:_Error (string) (at Assets/ARDK/Utilities/Logging/ARLog.cs:198)
Niantic.ARDK.Internals.StartupSystems:SetAuthenticationParameters () (at Assets/ARDK/Internals/StartupSystems.cs:124)
Niantic.ARDK.Internals.StartupSystems:ManualStartup () (at Assets/ARDK/Internals/StartupSystems.cs:90)
Niantic.ARDK.Internals.StartupSystems:EditorStartup () (at Assets/ARDK/Internals/StartupSystems.cs:48)
System.Reflection.MonoMethod:Invoke (object,System.Reflection.BindingFlags,System.Reflection.Binder,object[],System.Globalization.CultureInfo)
System.Reflection.MethodBase:Invoke (object,object[])
UnityEditor.EditorAssemblies:ProcessInitializeOnLoadMethodAttributes () (at /Users/bokken/buildslave/unity/build/Editor/Mono/EditorAssemblies.cs:154)

(Filename: Assets/ARDK/Utilities/Logging/LogHandler/UnityARLogHandler.cs Line: 41)

#Niantic.ARDK.Internals.StartupSystems#: No API Key was found. Add it to an ArdkAuthConfig asset. For more information, visit the niantic.dev/docs/authentication.html site.
UnityEngine.StackTraceUtility:ExtractStackTrace () (at /Users/bokken/buildslave/unity/build/Runtime/Export/Scripting/StackTrace.cs:37)
UnityEngine.DebugLogHandler:LogFormat (UnityEngine.LogType,UnityEngine.Object,string,object[])
UnityEngine.Logger:Log (UnityEngine.LogType,object)
UnityEngine.Debug:LogError (object)
Niantic.ARDK.Utilities.Logging.UnityARLogHandler:Error (string) (at Assets/ARDK/Utilities/Logging/LogHandler/UnityARLogHandler.cs:41)
Niantic.ARDK.Utilities.Logging.ARLog:_Error (string) (at Assets/ARDK/Utilities/Logging/ARLog.cs:198)
Niantic.ARDK.Internals.StartupSystems:SetAuthenticationParameters () (at Assets/ARDK/Internals/StartupSystems.cs:155)
Niantic.ARDK.Internals.StartupSystems:ManualStartup () (at Assets/ARDK/Internals/StartupSystems.cs:90)
Niantic.ARDK.Internals.StartupSystems:EditorStartup () (at Assets/ARDK/Internals/StartupSystems.cs:48)
System.Reflection.MonoMethod:Invoke (object,System.Reflection.BindingFlags,System.Reflection.Binder,object[],System.Globalization.CultureInfo)
System.Reflection.MethodBase:Invoke (object,object[])
UnityEditor.EditorAssemblies:ProcessInitializeOnLoadMethodAttributes () (at /Users/bokken/buildslave/unity/build/Editor/Mono/EditorAssemblies.cs:154)

(Filename: Assets/ARDK/Utilities/Logging/LogHandler/UnityARLogHandler.cs Line: 41)

ArdkUrpAssetRenderer is missing RendererFeatures
This could be due to missing scripts or compile error.
UnityEngine.StackTraceUtility:ExtractStackTrace () (at /Users/bokken/buildslave/unity/build/Runtime/Export/Scripting/StackTrace.cs:37)
UnityEngine.DebugLogHandler:LogFormat (UnityEngine.LogType,UnityEngine.Object,string,object[])
UnityEngine.Logger:Log (UnityEngine.LogType,object,UnityEngine.Object)
UnityEngine.Debug:LogError (object,UnityEngine.Object)
UnityEngine.Rendering.Universal.ScriptableRendererData:ValidateRendererFeatures () (at Library/PackageCache/com.unity.render-pipelines.universal@10.8.1/Runtime/ScriptableRendererData.cs:135)
UnityEngine.Rendering.Universal.ScriptableRendererData:OnValidate () (at Library/PackageCache/com.unity.render-pipelines.universal@10.8.1/Runtime/ScriptableRendererData.cs:59)

(Filename: Library/PackageCache/com.unity.render-pipelines.universal@10.8.1/Runtime/ScriptableRendererData.cs Line: 135)

ArdkUrpAssetRenderer is missing RendererFeatures
This could be due to missing scripts or compile error.
UnityEngine.StackTraceUtility:ExtractStackTrace () (at /Users/bokken/buildslave/unity/build/Runtime/Export/Scripting/StackTrace.cs:37)
UnityEngine.DebugLogHandler:LogFormat (UnityEngine.LogType,UnityEngine.Object,string,object[])
UnityEngine.Logger:Log (UnityEngine.LogType,object,UnityEngine.Object)
UnityEngine.Debug:LogError (object,UnityEngine.Object)
UnityEngine.Rendering.Universal.ScriptableRendererData:ValidateRendererFeatures () (at Library/PackageCache/com.unity.render-pipelines.universal@10.8.1/Runtime/ScriptableRendererData.cs:135)
UnityEngine.Rendering.Universal.ScriptableRendererData:OnValidate () (at Library/PackageCache/com.unity.render-pipelines.universal@10.8.1/Runtime/ScriptableRendererData.cs:59)

(Filename: Library/PackageCache/com.unity.render-pipelines.universal@10.8.1/Runtime/ScriptableRendererData.cs Line: 135)

Mono: successfully reloaded assembly
- Completed reload, in  1.307 seconds
Domain Reload Profiling:
	ReloadAssembly (1308ms)
		BeginReloadAssembly (117ms)
			ExecutionOrderSort (0ms)
			DisableScriptedObjects (5ms)
			BackupInstance (0ms)
			ReleaseScriptingObjects (0ms)
			CreateAndSetChildDomain (56ms)
		EndReloadAssembly (1114ms)
			LoadAssemblies (95ms)
			RebuildTransferFunctionScriptingTraits (0ms)
			SetupTypeCache (383ms)
			ReleaseScriptCaches (1ms)
			RebuildScriptCaches (55ms)
			SetupLoadedEditorAssemblies (381ms)
				LogAssemblyErrors (0ms)
				InitializePlatformSupportModulesInManaged (4ms)
				SetLoadedEditorAssemblies (1ms)
				RefreshPlugins (1ms)
				BeforeProcessingInitializeOnLoad (128ms)
				ProcessInitializeOnLoadAttributes (198ms)
				ProcessInitializeOnLoadMethodAttributes (49ms)
				AfterProcessingInitializeOnLoad (1ms)
				EditorAssembliesLoaded (0ms)
			ExecutionOrderSort2 (0ms)
			AwakeInstancesAfterBackupRestoration (28ms)
Platform modules already initialized, skipping
Switching build target platform(2) subTarget(0) extendedPlatform(0) -> platform(13) subTarget(524288) extendedPlatform(0)
Refreshing native plugins compatible for Editor in 0.87 ms, found 3 plugins.
Preloading 0 native plugins for Editor in 0.00 ms.
Unloading 3436 Unused Serialized files (Serialized files now loaded: 0)
System memory in use before: 291.4 MB.
System memory in use after: 291.6 MB.

Unloading 52 unused Assets to reduce memory usage. Loaded Objects now: 4048.
Total: 4.214475 ms (FindLiveObjects: 0.289488 ms CreateObjectMapping: 0.197148 ms MarkObjects: 3.628977 ms  DeleteObjects: 0.097970 ms)

Unloading 0 Unused Serialized files (Serialized files now loaded: 0)
System memory in use before: 291.2 MB.
System memory in use after: 291.5 MB.

Unloading 0 unused Assets to reduce memory usage. Loaded Objects now: 4048.
Total: 3.649953 ms (FindLiveObjects: 0.183379 ms CreateObjectMapping: 0.144589 ms MarkObjects: 3.310992 ms  DeleteObjects: 0.010204 ms)

AssetImportParameters requested are different than current active one (requested -> active):
  custom:video-decoder-ogg-theora: a1e56fd34408186e4bbccfd4996cb3dc -> 
  custom:container-muxer-webm: aa71ff27fc2769a1b78a27578f13a17b -> 
  custom:container-demuxer-webm: 4f35f7cbe854078d1ac9338744f61a02 -> 
  custom:container-demuxer-ogg: 62fdf1f143b41e24485cea50d1cbac27 -> 
  custom:video-encoder-webm-vp8: eb34c28f22e8b96e1ab97ce403110664 -> 
  custom:framework-osx-AVFoundation: e770b220cccbd017edd2c1fefb359320 -> 
  custom:video-decoder-webm-vp8: 9c59270c3fd7afecdb556c50c9e8de78 -> 
  custom:graphics/normal-map-encoding: 01000000000000000000000000000000 -> 02000000000000000000000000000000
  custom:audio-decoder-ogg-vorbis: bf7c407c2cedff20999df2af8eb42d56 -> 
  custom:audio-encoder-webm-vorbis: bf7c407c2cedff20999df2af8eb42d56 -> 
========================================================================
Received Prepare
Refreshing native plugins compatible for Editor in 5.79 ms, found 3 plugins.
Preloading 0 native plugins for Editor in 0.00 ms.
Unloading 42 Unused Serialized files (Serialized files now loaded: 0)
System memory in use before: 226.3 MB.
System memory in use after: 226.5 MB.

Unloading 42 unused Assets to reduce memory usage. Loaded Objects now: 4048.
Total: 4.085936 ms (FindLiveObjects: 0.282289 ms CreateObjectMapping: 0.200254 ms MarkObjects: 3.528829 ms  DeleteObjects: 0.073750 ms)

AssetImportParameters requested are different than current active one (requested -> active):
  custom:video-decoder-ogg-theora: a1e56fd34408186e4bbccfd4996cb3dc -> 
  custom:container-muxer-webm: aa71ff27fc2769a1b78a27578f13a17b -> 
  custom:container-demuxer-webm: 4f35f7cbe854078d1ac9338744f61a02 -> 
  custom:container-demuxer-ogg: 62fdf1f143b41e24485cea50d1cbac27 -> 
  custom:video-encoder-webm-vp8: eb34c28f22e8b96e1ab97ce403110664 -> 
  custom:framework-osx-AVFoundation: e770b220cccbd017edd2c1fefb359320 -> 
  custom:video-decoder-webm-vp8: 9c59270c3fd7afecdb556c50c9e8de78 -> 
  custom:audio-decoder-ogg-vorbis: bf7c407c2cedff20999df2af8eb42d56 -> 
  custom:audio-encoder-webm-vorbis: bf7c407c2cedff20999df2af8eb42d56 -> 
========================================================================
Received Prepare
Refreshing native plugins compatible for Editor in 5.62 ms, found 3 plugins.
Preloading 0 native plugins for Editor in 0.00 ms.
Unloading 42 Unused Serialized files (Serialized files now loaded: 0)
System memory in use before: 226.3 MB.
System memory in use after: 226.5 MB.

Unloading 42 unused Assets to reduce memory usage. Loaded Objects now: 4048.
Total: 3.421291 ms (FindLiveObjects: 0.259336 ms CreateObjectMapping: 0.149708 ms MarkObjects: 2.943081 ms  DeleteObjects: 0.068401 ms)

AssetImportParameters requested are different than current active one (requested -> active):
  custom:video-decoder-ogg-theora: a1e56fd34408186e4bbccfd4996cb3dc -> 
  custom:container-muxer-webm: aa71ff27fc2769a1b78a27578f13a17b -> 
  custom:container-demuxer-webm: 4f35f7cbe854078d1ac9338744f61a02 -> 
  custom:container-demuxer-ogg: 62fdf1f143b41e24485cea50d1cbac27 -> 
  custom:video-encoder-webm-vp8: eb34c28f22e8b96e1ab97ce403110664 -> 
  custom:framework-osx-AVFoundation: e770b220cccbd017edd2c1fefb359320 -> 
  custom:video-decoder-webm-vp8: 9c59270c3fd7afecdb556c50c9e8de78 -> 
  custom:audio-decoder-ogg-vorbis: bf7c407c2cedff20999df2af8eb42d56 -> 
  custom:audio-encoder-webm-vorbis: bf7c407c2cedff20999df2af8eb42d56 -> 
========================================================================
Received Prepare
Refreshing native plugins compatible for Editor in 4.06 ms, found 3 plugins.
Preloading 0 native plugins for Editor in 0.00 ms.
Unloading 42 Unused Serialized files (Serialized files now loaded: 0)
System memory in use before: 226.3 MB.
System memory in use after: 226.5 MB.

Unloading 42 unused Assets to reduce memory usage. Loaded Objects now: 4048.
Total: 3.612374 ms (FindLiveObjects: 0.250241 ms CreateObjectMapping: 0.137569 ms MarkObjects: 3.129032 ms  DeleteObjects: 0.095051 ms)

AssetImportParameters requested are different than current active one (requested -> active):
  colorSpace: 0 -> 1
  custom:video-decoder-ogg-theora: a1e56fd34408186e4bbccfd4996cb3dc -> 
  custom:container-muxer-webm: aa71ff27fc2769a1b78a27578f13a17b -> 
  custom:container-demuxer-webm: 4f35f7cbe854078d1ac9338744f61a02 -> 
  custom:container-demuxer-ogg: 62fdf1f143b41e24485cea50d1cbac27 -> 
  custom:video-encoder-webm-vp8: eb34c28f22e8b96e1ab97ce403110664 -> 
  custom:framework-osx-AVFoundation: e770b220cccbd017edd2c1fefb359320 -> 
  custom:video-decoder-webm-vp8: 9c59270c3fd7afecdb556c50c9e8de78 -> 
  custom:audio-decoder-ogg-vorbis: bf7c407c2cedff20999df2af8eb42d56 -> 
  custom:audio-encoder-webm-vorbis: bf7c407c2cedff20999df2af8eb42d56 -> 
