Unity Editor version:    2020.3.30f1 (1fb1bf06830e)
Branch:                  2020.3/staging
Build type:              Release
Batch mode:              YES
macOS version:           Version 12.5 (Build 21G72)
Darwin version:          21.6.0
Architecture:            x86_64
Running under Rosetta:   NO
Available memory:        16384 MB
Using pre-set license
Pro License: NO

COMMAND LINE ARGUMENTS:
/Applications/Unity/Hub/Editor/2020.3.30f1/Unity.app/Contents/MacOS/Unity
-adb2
-batchMode
-noUpm
-name
AssetImportWorker0
-projectPath
/Users/admin/LightshipVps
-logFile
Logs/AssetImportWorker0.log
-srvPort
52807
Successfully changed project path to: /Users/admin/LightshipVps
/Users/admin/LightshipVps
Using Asset Import Pipeline V2.
Refreshing native plugins compatible for Editor in 84.52 ms, found 3 plugins.
Preloading 0 native plugins for Editor in 0.00 ms.
Initialize engine version: 2020.3.30f1 (1fb1bf06830e)
[Subsystems] Discovering subsystems at path /Applications/Unity/Hub/Editor/2020.3.30f1/Unity.app/Contents/Resources/UnitySubsystems
[Subsystems] Discovering subsystems at path /Users/admin/LightshipVps/Assets
GfxDevice: creating device client; threaded=0
2022-09-16 22:42:35.196 Unity[12921:271523] Color LCD preferred device: Intel(R) UHD Graphics 630 (low power)
2022-09-16 22:42:35.196 Unity[12921:271523] Metal devices available: 2
2022-09-16 22:42:35.197 Unity[12921:271523] 0: AMD Radeon Pro 5300M (high power)
2022-09-16 22:42:35.197 Unity[12921:271523] 1: Intel(R) UHD Graphics 630 (low power)
2022-09-16 22:42:35.197 Unity[12921:271523] Using device AMD Radeon Pro 5300M (high power)
Initializing Metal device caps: AMD Radeon Pro 5300M
Initialize mono
Mono path[0] = '/Applications/Unity/Hub/Editor/2020.3.30f1/Unity.app/Contents/Managed'
Mono path[1] = '/Applications/Unity/Hub/Editor/2020.3.30f1/Unity.app/Contents/MonoBleedingEdge/lib/mono/unityjit'
Mono config path = '/Applications/Unity/Hub/Editor/2020.3.30f1/Unity.app/Contents/MonoBleedingEdge/etc'
Using monoOptions --debugger-agent=transport=dt_socket,embedding=1,server=y,suspend=n,address=127.0.0.1:56921
Begin MonoManager ReloadAssembly
Registering precompiled unity dll's ...
Register platform support module: /Applications/Unity/Hub/Editor/2020.3.30f1/PlaybackEngines/WebGLSupport/UnityEditor.WebGL.Extensions.dll
Register platform support module: /Applications/Unity/Hub/Editor/2020.3.30f1/Unity.app/Contents/PlaybackEngines/MacStandaloneSupport/UnityEditor.OSXStandalone.Extensions.dll
Registered in 0.000642 seconds.
Native extension for OSXStandalone target not found
Native extension for WebGL target not found
Refreshing native plugins compatible for Editor in 86.42 ms, found 3 plugins.
Preloading 0 native plugins for Editor in 0.00 ms.
Mono: successfully reloaded assembly
- Completed reload, in  0.871 seconds
Domain Reload Profiling:
	ReloadAssembly (871ms)
		BeginReloadAssembly (55ms)
			ExecutionOrderSort (0ms)
			DisableScriptedObjects (0ms)
			BackupInstance (0ms)
			ReleaseScriptingObjects (0ms)
			CreateAndSetChildDomain (1ms)
		EndReloadAssembly (718ms)
			LoadAssemblies (54ms)
			RebuildTransferFunctionScriptingTraits (0ms)
			SetupTypeCache (240ms)
			ReleaseScriptCaches (0ms)
			RebuildScriptCaches (53ms)
			SetupLoadedEditorAssemblies (304ms)
				LogAssemblyErrors (0ms)
				InitializePlatformSupportModulesInManaged (7ms)
				SetLoadedEditorAssemblies (0ms)
				RefreshPlugins (86ms)
				BeforeProcessingInitializeOnLoad (40ms)
				ProcessInitializeOnLoadAttributes (132ms)
				ProcessInitializeOnLoadMethodAttributes (39ms)
				AfterProcessingInitializeOnLoad (0ms)
				EditorAssembliesLoaded (0ms)
			ExecutionOrderSort2 (0ms)
			AwakeInstancesAfterBackupRestoration (0ms)
Platform modules already initialized, skipping
Registering precompiled user dll's ...
Registered in 0.002710 seconds.
Begin MonoManager ReloadAssembly
Native extension for OSXStandalone target not found
Native extension for WebGL target not found
Refreshing native plugins compatible for Editor in 86.35 ms, found 3 plugins.
Preloading 0 native plugins for Editor in 0.00 ms.
Fallback handler could not load library /Applications/Unity/Hub/Editor/2020.3.30f1/Unity.app/Contents/Frameworks/Mono/lib/libAssets/ARDK/Plugins/unity_exports/ardk_client_platform/Plugins/MacOS/x86_64/ardk_client_platform.bundle/Contents/MacOS/ardk_client_platform
Fallback handler could not load library /Applications/Unity/Hub/Editor/2020.3.30f1/Unity.app/Contents/Frameworks/Mono/lib/libAssets/ARDK/Plugins/unity_exports/ardk_client_platform/Plugins/MacOS/x86_64/ardk_client_platform.bundle/Contents/MacOS/ardk_client_platform.dylib
Fallback handler could not load library /Applications/Unity/Hub/Editor/2020.3.30f1/Unity.app/Contents/Frameworks/Mono/lib/libAssets/ARDK/Plugins/unity_exports/ardk_client_platform/Plugins/MacOS/x86_64/ardk_client_platform.bundle/Contents/MacOS/ardk_client_platform.so
Fallback handler could not load library /Applications/Unity/Hub/Editor/2020.3.30f1/Unity.app/Contents/Frameworks/Mono/lib/libAssets/ARDK/Plugins/unity_exports/ardk_client_platform/Plugins/MacOS/x86_64/ardk_client_platform.bundle/Contents/MacOS/ardk_client_platform.bundle
Mono: successfully reloaded assembly
- Completed reload, in  3.422 seconds
Domain Reload Profiling:
	ReloadAssembly (3423ms)
		BeginReloadAssembly (154ms)
			ExecutionOrderSort (0ms)
			DisableScriptedObjects (5ms)
			BackupInstance (0ms)
			ReleaseScriptingObjects (0ms)
			CreateAndSetChildDomain (22ms)
		EndReloadAssembly (3185ms)
			LoadAssemblies (104ms)
			RebuildTransferFunctionScriptingTraits (0ms)
			SetupTypeCache (532ms)
			ReleaseScriptCaches (1ms)
			RebuildScriptCaches (88ms)
			SetupLoadedEditorAssemblies (2287ms)
				LogAssemblyErrors (0ms)
				InitializePlatformSupportModulesInManaged (6ms)
				SetLoadedEditorAssemblies (0ms)
				RefreshPlugins (86ms)
				BeforeProcessingInitializeOnLoad (119ms)
				ProcessInitializeOnLoadAttributes (285ms)
				ProcessInitializeOnLoadMethodAttributes (1790ms)
				AfterProcessingInitializeOnLoad (1ms)
				EditorAssembliesLoaded (0ms)
			ExecutionOrderSort2 (0ms)
			AwakeInstancesAfterBackupRestoration (8ms)
Platform modules already initialized, skipping
Validating Project structure ... 0.021118 seconds.
Shader import version has changed; will reimport all shaders...
Upgrading shader files ...0.054647 seconds.
Application.AssetDatabase Initial Script Refresh Start
RefreshInfo: InitialScriptRefreshV2(NoUpdateAssetOptions) scanfilter:  ... 1 filters
RefreshProfiler: Total: 0.000ms
Application.AssetDatabase Initial Script Refresh End
Application.AssetDatabase.Refresh Start
Application.AssetDatabase.Refresh End
RefreshInfo: StopAssetImportingV2(ForceSynchronousImport) scanfilter: 
RefreshProfiler: Total: 0.000ms
Launching external process: /Applications/Unity/Hub/Editor/2020.3.30f1/Unity.app/Contents/Tools/UnityShaderCompiler
Launched and connected shader compiler UnityShaderCompiler after 0.01 seconds
Initializing Unity extensions:
2022-09-16 22:42:42.442 Unity[12921:271523] NSEventModifierFlagFunction specified to -setKeyEquivalentModifierMask: for item <NSMenuItem: 0x600001a38cb0 Font Asset, ke='Command-F12'>, but is only supported for system-provided menu items; will not be used
2022-09-16 22:42:42.447 Unity[12921:271523] NSEventModifierFlagFunction specified to -setKeyEquivalentModifierMask: for item <NSMenuItem: 0x600001a00850 Font Asset, ke='Command-F12'>, but is only supported for system-provided menu items; will not be used
========================================================================
Worker process is ready to serve import requests
Refreshing native plugins compatible for Editor in 1.08 ms, found 3 plugins.
Preloading 0 native plugins for Editor in 0.00 ms.
Unloading 3593 Unused Serialized files (Serialized files now loaded: 0)
System memory in use before: 286.0 MB.
System memory in use after: 285.7 MB.

Unloading 223 unused Assets to reduce memory usage. Loaded Objects now: 4043.
Total: 4.261595 ms (FindLiveObjects: 0.294192 ms CreateObjectMapping: 0.212463 ms MarkObjects: 3.443527 ms  DeleteObjects: 0.310676 ms)

Unloading 0 Unused Serialized files (Serialized files now loaded: 0)
System memory in use before: 285.4 MB.
System memory in use after: 285.6 MB.

Unloading 0 unused Assets to reduce memory usage. Loaded Objects now: 4043.
Total: 3.421994 ms (FindLiveObjects: 0.169414 ms CreateObjectMapping: 0.155042 ms MarkObjects: 3.088277 ms  DeleteObjects: 0.008542 ms)

AssetImportParameters requested are different than current active one (requested -> active):
  custom:video-decoder-ogg-theora: a1e56fd34408186e4bbccfd4996cb3dc -> 
  custom:container-muxer-webm: aa71ff27fc2769a1b78a27578f13a17b -> 
  custom:container-demuxer-webm: 4f35f7cbe854078d1ac9338744f61a02 -> 
  custom:container-demuxer-ogg: 62fdf1f143b41e24485cea50d1cbac27 -> 
  custom:video-encoder-webm-vp8: eb34c28f22e8b96e1ab97ce403110664 -> 
  custom:framework-osx-AVFoundation: e770b220cccbd017edd2c1fefb359320 -> 
  custom:video-decoder-webm-vp8: 9c59270c3fd7afecdb556c50c9e8de78 -> 
  custom:audio-decoder-ogg-vorbis: bf7c407c2cedff20999df2af8eb42d56 -> 
  custom:audio-encoder-webm-vorbis: bf7c407c2cedff20999df2af8eb42d56 -> 
========================================================================
Received Import Request.
  path: Assets/Resources/ARDK/ArdkAuthConfig.asset
  artifactKey: Guid(1a9c3ebc0bc974085b44f49658afd2f8) Importer(815301076,1909f56bfc062723c751e8b465ee728b)
Start importing Assets/Resources/ARDK/ArdkAuthConfig.asset using Guid(1a9c3ebc0bc974085b44f49658afd2f8) Importer(815301076,1909f56bfc062723c751e8b465ee728b)  -> (artifact id: 'd1a90ab072730c419a3ce9a17411ab59') in 0.818042 seconds 
AssetImportWorkerClient::OnTransportError - code=2 error=End of file
